#
# There is insufficient memory for the Java Runtime Environment to continue.
# Native memory allocation (mmap) failed to map 264241152 bytes for G1 virtual space
# Possible reasons:
#   The system is out of physical RAM or swap space
#   The process is running with CompressedOops enabled, and the Java Heap may be blocking the growth of the native heap
# Possible solutions:
#   Reduce memory load on the system
#   Increase physical memory or swap space
#   Check if swap backing store is full
#   Decrease Java heap size (-Xmx/-Xms)
#   Decrease number of Java threads
#   Decrease Java thread stack sizes (-Xss)
#   Set larger code cache with -XX:ReservedCodeCacheSize=
#   JVM is running with Zero Based Compressed Oops mode in which the Java heap is
#     placed in the first 32GB address space. The Java Heap base address is the
#     maximum limit for the native heap growth. Please use -XX:HeapBaseMinAddress
#     to set the Java Heap base and to place the Java Heap above 32GB virtual address.
# This output file may be truncated or incomplete.
#
#  Out of Memory Error (os_windows.cpp:3528), pid=35808, tid=35772
#
# JRE version:  (20.0.2+9) (build )
# Java VM: Java HotSpot(TM) 64-Bit Server VM (20.0.2+9-78, mixed mode, sharing, tiered, compressed oops, compressed class ptrs, g1 gc, windows-amd64)
# No core dump will be written. Minidumps are not enabled by default on client versions of Windows
#

---------------  S U M M A R Y ------------

Command Line: -Dfile.encoding=utf8 c:\Users\rawr51919\.vscode\extensions\vscjava.vscode-gradle-3.12.7\lib\gradle-language-server.jar

Host: 11th Gen Intel(R) Core(TM) i7-11800H @ 2.30GHz, 16 cores, 15G,  Windows 11 , 64 bit Build 22621 (10.0.22621.2215)
Time: Wed Sep 20 15:58:52 2023 Atlantic Summer Time elapsed time: 0.030203 seconds (0d 0h 0m 0s)

---------------  T H R E A D  ---------------

Current thread (0x000002234fcd5680):  JavaThread "Unknown thread" [_thread_in_vm, id=35772, stack(0x000000e127200000,0x000000e127300000)]

Stack: [0x000000e127200000,0x000000e127300000]
Native frames: (J=compiled Java code, j=interpreted, Vv=VM code, C=native code)
V  [jvm.dll+0x6bc25a]
V  [jvm.dll+0x84971a]
V  [jvm.dll+0x84b315]
V  [jvm.dll+0x84ba13]
V  [jvm.dll+0x280e4f]
V  [jvm.dll+0x6b8fe9]
V  [jvm.dll+0x6adbca]
V  [jvm.dll+0x35b165]
V  [jvm.dll+0x363386]
V  [jvm.dll+0x3b400e]
V  [jvm.dll+0x3b4295]
V  [jvm.dll+0x32b86a]
V  [jvm.dll+0x32c68b]
V  [jvm.dll+0x8123df]
V  [jvm.dll+0x3c1261]
V  [jvm.dll+0x7fe103]
V  [jvm.dll+0x44ccaf]
V  [jvm.dll+0x44e621]
C  [jli.dll+0x5287]
C  [ucrtbase.dll+0x29363]
C  [KERNEL32.DLL+0x1257d]
C  [ntdll.dll+0x5aa68]


---------------  P R O C E S S  ---------------

Threads class SMR info:
_java_thread_list=0x00007ffc6f48b118, length=0, elements={
}

Java Threads: ( => current thread )

Other Threads:
  0x000002234fd42ef0 WorkerThread "GC Thread#0" [stack: 0x000000e127300000,0x000000e127400000] [id=9880]
  0x000002234fd53af0 ConcurrentGCThread "G1 Main Marker" [stack: 0x000000e127400000,0x000000e127500000] [id=25748]
  0x000002234fd55530 WorkerThread "G1 Conc#0" [stack: 0x000000e127500000,0x000000e127600000] [id=35716]

[error occurred during error reporting (printing all threads), id 0xc0000005, EXCEPTION_ACCESS_VIOLATION (0xc0000005) at pc=0x00007ffc6ec6eea7]
VM state: not at safepoint (not fully initialized)

VM Mutex/Monitor currently owned by a thread:  ([mutex/lock_event])
[0x000002234fcd0c10] Heap_lock - owner thread: 0x000002234fcd5680

Heap address: 0x0000000704a00000, size: 4022 MB, Compressed Oops mode: Zero based, Oop shift amount: 3

CDS archive(s) mapped at: [0x0000000000000000-0x0000000000000000-0x0000000000000000), size 0, SharedBaseAddress: 0x0000000800000000, ArchiveRelocationMode: 1.
Narrow klass base: 0x0000000000000000, Narrow klass shift: 0, Narrow klass range: 0x0

GC Precious Log:
 CardTable entry size: 512
 Card Set container configuration: InlinePtr #cards 4 size 8 Array Of Cards #cards 16 size 48 Howl #buckets 8 coarsen threshold 3686 Howl Bitmap #cards 512 size 80 coarsen threshold 460 Card regions per heap region 1 cards per card region 4096

Heap:
 garbage-first heap   total 0K, used 0K [0x0000000704a00000, 0x0000000800000000)
  region size 2048K, 0 young (0K), 0 survivors (0K)

[error occurred during error reporting (printing heap information), id 0xc0000005, EXCEPTION_ACCESS_VIOLATION (0xc0000005) at pc=0x00007ffc6f0447b9]
GC Heap History (0 events):
No events

Dll operation events (1 events):
Event: 0.008 Loaded shared library C:\Program Files\Java\jdk-20\bin\java.dll

Deoptimization events (0 events):
No events

Classes loaded (0 events):
No events

Classes unloaded (0 events):
No events

Classes redefined (0 events):
No events

Internal exceptions (0 events):
No events

VM Operations (0 events):
No events

Events (0 events):
No events


Dynamic libraries:
0x00007ff64a150000 - 0x00007ff64a160000 	C:\Program Files\Java\jdk-20\bin\java.exe
0x00007ffd45770000 - 0x00007ffd45984000 	C:\WINDOWS\SYSTEM32\ntdll.dll
0x00007ffd439e0000 - 0x00007ffd43aa4000 	C:\WINDOWS\System32\KERNEL32.DLL
0x00007ffd42d00000 - 0x00007ffd430a4000 	C:\WINDOWS\System32\KERNELBASE.dll
0x00007ffd42b20000 - 0x00007ffd42c31000 	C:\WINDOWS\System32\ucrtbase.dll
0x00007ffceb4d0000 - 0x00007ffceb4eb000 	C:\Program Files\Java\jdk-20\bin\VCRUNTIME140.dll
0x00007ffceb2b0000 - 0x00007ffceb2c9000 	C:\Program Files\Java\jdk-20\bin\jli.dll
0x00007ffd43500000 - 0x00007ffd435b0000 	C:\WINDOWS\System32\ADVAPI32.dll
0x00007ffd45620000 - 0x00007ffd456c7000 	C:\WINDOWS\System32\msvcrt.dll
0x00007ffd43fd0000 - 0x00007ffd44076000 	C:\WINDOWS\System32\sechost.dll
0x00007ffd44580000 - 0x00007ffd44697000 	C:\WINDOWS\System32\RPCRT4.dll
0x00007ffd45470000 - 0x00007ffd4561e000 	C:\WINDOWS\System32\USER32.dll
0x00007ffd434d0000 - 0x00007ffd434f6000 	C:\WINDOWS\System32\win32u.dll
0x00007ffd438a0000 - 0x00007ffd438c9000 	C:\WINDOWS\System32\GDI32.dll
0x00007ffd30500000 - 0x00007ffd30793000 	C:\WINDOWS\WinSxS\amd64_microsoft.windows.common-controls_6595b64144ccf1df_6.0.22621.2215_none_270d72677387dfc3\COMCTL32.dll
0x00007ffd43150000 - 0x00007ffd43268000 	C:\WINDOWS\System32\gdi32full.dll
0x00007ffd430b0000 - 0x00007ffd4314a000 	C:\WINDOWS\System32\msvcp_win.dll
0x00007ffd39680000 - 0x00007ffd3968a000 	C:\WINDOWS\SYSTEM32\VERSION.dll
0x00007ffd444c0000 - 0x00007ffd444f1000 	C:\WINDOWS\System32\IMM32.DLL
0x00007ffd01ff0000 - 0x00007ffd01ffc000 	C:\Program Files\Java\jdk-20\bin\vcruntime140_1.dll
0x00007ffca0610000 - 0x00007ffca069e000 	C:\Program Files\Java\jdk-20\bin\msvcp140.dll
0x00007ffc6e930000 - 0x00007ffc6f5c8000 	C:\Program Files\Java\jdk-20\bin\server\jvm.dll
0x00007ffd01fb0000 - 0x00007ffd01fb9000 	C:\WINDOWS\SYSTEM32\WSOCK32.dll
0x00007ffd34210000 - 0x00007ffd34244000 	C:\WINDOWS\SYSTEM32\WINMM.dll
0x00007ffd44500000 - 0x00007ffd44571000 	C:\WINDOWS\System32\WS2_32.dll
0x00007ffd41b80000 - 0x00007ffd41b98000 	C:\WINDOWS\SYSTEM32\kernel.appcore.dll
0x00007ffd01dd0000 - 0x00007ffd01dda000 	C:\Program Files\Java\jdk-20\bin\jimage.dll
0x00007ffd401b0000 - 0x00007ffd403de000 	C:\WINDOWS\SYSTEM32\DBGHELP.DLL
0x00007ffd43bb0000 - 0x00007ffd43f3a000 	C:\WINDOWS\System32\combase.dll
0x00007ffd43750000 - 0x00007ffd43827000 	C:\WINDOWS\System32\OLEAUT32.dll
0x00007ffd34100000 - 0x00007ffd34132000 	C:\WINDOWS\SYSTEM32\dbgcore.DLL
0x00007ffd43450000 - 0x00007ffd434ca000 	C:\WINDOWS\System32\bcryptPrimitives.dll
0x00007ffcd0430000 - 0x00007ffcd0456000 	C:\Program Files\Java\jdk-20\bin\java.dll

dbghelp: loaded successfully - version: 4.0.5 - missing functions: none
symbol engine: initialized successfully - sym options: 0x614 - pdb path: .;C:\Program Files\Java\jdk-20\bin;C:\WINDOWS\SYSTEM32;C:\WINDOWS\WinSxS\amd64_microsoft.windows.common-controls_6595b64144ccf1df_6.0.22621.2215_none_270d72677387dfc3;C:\Program Files\Java\jdk-20\bin\server

VM Arguments:
jvm_args: -Dfile.encoding=utf8 
java_command: c:\Users\rawr51919\.vscode\extensions\vscjava.vscode-gradle-3.12.7\lib\gradle-language-server.jar
java_class_path (initial): c:\Users\rawr51919\.vscode\extensions\vscjava.vscode-gradle-3.12.7\lib\gradle-language-server.jar
Launcher Type: SUN_STANDARD

[Global flags]
     intx CICompilerCount                          = 12                                        {product} {ergonomic}
     uint ConcGCThreads                            = 3                                         {product} {ergonomic}
     uint G1ConcRefinementThreads                  = 13                                        {product} {ergonomic}
   size_t G1HeapRegionSize                         = 2097152                                   {product} {ergonomic}
    uintx GCDrainStackTargetSize                   = 64                                        {product} {ergonomic}
   size_t InitialHeapSize                          = 264241152                                 {product} {ergonomic}
   size_t MarkStackSize                            = 4194304                                   {product} {ergonomic}
   size_t MaxHeapSize                              = 4217372672                                {product} {ergonomic}
   size_t MinHeapDeltaBytes                        = 2097152                                   {product} {ergonomic}
   size_t MinHeapSize                              = 8388608                                   {product} {ergonomic}
    uintx NonNMethodCodeHeapSize                   = 7602480                                {pd product} {ergonomic}
    uintx NonProfiledCodeHeapSize                  = 122027880                              {pd product} {ergonomic}
    uintx ProfiledCodeHeapSize                     = 122027880                              {pd product} {ergonomic}
    uintx ReservedCodeCacheSize                    = 251658240                              {pd product} {ergonomic}
     bool SegmentedCodeCache                       = true                                      {product} {ergonomic}
   size_t SoftMaxHeapSize                          = 4217372672                             {manageable} {ergonomic}
     bool UseCompressedClassPointers               = true                           {product lp64_product} {ergonomic}
     bool UseCompressedOops                        = true                           {product lp64_product} {ergonomic}
     bool UseG1GC                                  = true                                      {product} {ergonomic}
     bool UseLargePagesIndividualAllocation        = false                                  {pd product} {ergonomic}

Logging:
Log output configuration:
 #0: stdout all=warning uptime,level,tags foldmultilines=false
 #1: stderr all=off uptime,level,tags foldmultilines=false

Environment Variables:
PATH=C:\Users\rawr51919\AppData\Local\cloud-code\installer\google-cloud-sdk\bin;C:\Program Files\Python311\;C:\Program Files\Python311\Scripts\;C:\Python27\;C:\Python27\Scripts;C:\Python161\;C:\Python161\Scripts;C:\Program Files\PHP\ts;C:\Program Files\PHP\nts;C:\Program Files\Common Files\Oracle\Java\javapath;C:\Program Files\Microsoft MPI\Bin\;C:\Program Files (x86)\VMware\VMware Workstation\bin\;c:\devkitPro\msys2\usr\bin;C:\Program Files (x86)\Common Files\Intel\Shared Libraries\redist\intel64\compiler;C:\Windows\system32;C:\Windows;C:\Windows\System32\Wbem;C:\Windows\System32\WindowsPowerShell\v1.0\;C:\Windows\System32\OpenSSH\;C:\Program Files (x86)\NVIDIA Corporation\PhysX\Common;C:\Program Files\NVIDIA Corporation\NVIDIA NvDLISR;C:\WINDOWS\system32;C:\WINDOWS;C:\WINDOWS\System32\Wbem;C:\WINDOWS\System32\WindowsPowerShell\v1.0\;C:\WINDOWS\System32\OpenSSH\;C:\ProgramData\chocolatey\bin;C:\Program Files\dotnet\;C:\Program Files\Oracle\VirtualBox;C:\Program Files\TortoiseSVN\bin;C:\composer;C:\Program Files\PowerShell\7\;C:\Program Files\Microsoft VS Code\bin;C:\Program Files\VSCodium\bin;C:\Program Files\LLVM\bin;C:\Program Files\Git\cmd;C:\Program Files\nodejs\;C:\Program Files\Go\bin;C:\Program Files\Docker\Docker\resources\bin;C:\Users\rawr51919\AppData\Local\Microsoft\WindowsApps;C:\Users\rawr51919\.dotnet\tools;C:\Program Files (x86)\Steam\steamapps\common\team fortress 2\tf\..\bin;C:\Users\rawr51919\AppData\Local\Programs\Julia-1.9.3\bin;C:\Users\rawr51919\AppData\Roaming\npm;C:\Users\rawr51919\go\bin;C:\Users\rawr51919\AppData\Local\Google\Cloud SDK\google-cloud-sdk\bin;C:\Program Files (x86)\Google\Cloud SDK\google-cloud-sdk\bin;C:\Program Files\Google\Cloud SDK\google-cloud-sdk\bin
USERNAME=rawr51919
OS=Windows_NT
PROCESSOR_IDENTIFIER=Intel64 Family 6 Model 141 Stepping 1, GenuineIntel
TMP=C:\Users\RAWR51~1\AppData\Local\Temp
TEMP=C:\Users\RAWR51~1\AppData\Local\Temp




---------------  S Y S T E M  ---------------

OS:
 Windows 11 , 64 bit Build 22621 (10.0.22621.2215)
OS uptime: 0 days 2:48 hours
Hyper-V role detected

CPU: total 16 (initial active 16) (8 cores per cpu, 2 threads per core) family 6 model 141 stepping 1 microcode 0x34, cx8, cmov, fxsr, ht, mmx, 3dnowpref, sse, sse2, sse3, ssse3, sse4.1, sse4.2, popcnt, lzcnt, tsc, tscinvbit, avx, avx2, aes, erms, clmul, bmi1, bmi2, adx, avx512f, avx512dq, avx512cd, avx512bw, avx512vl, sha, fma, vzeroupper, avx512_vpopcntdq, avx512_vpclmulqdq, avx512_vaes, avx512_vnni, clflush, clflushopt, clwb, avx512_vbmi2, avx512_vbmi, hv, rdtscp, rdpid, fsrm, gfni, avx512_bitalg, f16c, cet_ibt, cet_ss, avx512_ifma

Memory: 4k page, system-wide physical 16085M (918M free)
TotalPageFile size 46184M (AvailPageFile size 133M)
current process WorkingSet (physical memory assigned to process): 11M, peak: 11M
current process commit charge ("private bytes"): 71M, peak: 322M

vm_info: Java HotSpot(TM) 64-Bit Server VM (20.0.2+9-78) for windows-amd64 JRE (20.0.2+9-78), built on 2023-06-14T10:08:48Z by "mach5one" with MS VC++ 17.1 (VS2022)

END.
