#
# There is insufficient memory for the Java Runtime Environment to continue.
# Native memory allocation (mmap) failed to map 65536 bytes for Failed to commit metaspace.
# Possible reasons:
#   The system is out of physical RAM or swap space
#   The process is running with CompressedOops enabled, and the Java Heap may be blocking the growth of the native heap
# Possible solutions:
#   Reduce memory load on the system
#   Increase physical memory or swap space
#   Check if swap backing store is full
#   Decrease Java heap size (-Xmx/-Xms)
#   Decrease number of Java threads
#   Decrease Java thread stack sizes (-Xss)
#   Set larger code cache with -XX:ReservedCodeCacheSize=
#   JVM is running with Zero Based Compressed Oops mode in which the Java heap is
#     placed in the first 32GB address space. The Java Heap base address is the
#     maximum limit for the native heap growth. Please use -XX:HeapBaseMinAddress
#     to set the Java Heap base and to place the Java Heap above 32GB virtual address.
# This output file may be truncated or incomplete.
#
#  Out of Memory Error (virtualSpaceNode.cpp:110), pid=34024, tid=27368
#
# JRE version: Java(TM) SE Runtime Environment (20.0.2+9) (build 20.0.2+9-78)
# Java VM: Java HotSpot(TM) 64-Bit Server VM (20.0.2+9-78, mixed mode, sharing, tiered, compressed oops, compressed class ptrs, g1 gc, windows-amd64)
# No core dump will be written. Minidumps are not enabled by default on client versions of Windows
#

---------------  S U M M A R Y ------------

Command Line: -Dfile.encoding=utf8 c:\Users\rawr51919\.vscode\extensions\vscjava.vscode-gradle-3.12.7\lib\gradle-language-server.jar

Host: 11th Gen Intel(R) Core(TM) i7-11800H @ 2.30GHz, 16 cores, 15G,  Windows 11 , 64 bit Build 22621 (10.0.22621.2215)
Time: Wed Sep 20 15:57:58 2023 Atlantic Summer Time elapsed time: 0.561326 seconds (0d 0h 0m 0s)

---------------  T H R E A D  ---------------

Current thread (0x000001ff53407bb0):  JavaThread "main" [_thread_in_vm, id=27368, stack(0x000000b157300000,0x000000b157400000)]

Stack: [0x000000b157300000,0x000000b157400000]
Native frames: (J=compiled Java code, j=interpreted, Vv=VM code, C=native code)
V  [jvm.dll+0x6bc25a]
V  [jvm.dll+0x84971a]
V  [jvm.dll+0x84b315]
V  [jvm.dll+0x84ba13]
V  [jvm.dll+0x280e4f]
V  [jvm.dll+0x84565b]
V  [jvm.dll+0x660616]
V  [jvm.dll+0x1eb7b7]
V  [jvm.dll+0x663032]
V  [jvm.dll+0x662e1e]
V  [jvm.dll+0x66102e]
V  [jvm.dll+0x26c9df]
V  [jvm.dll+0x66b665]
V  [jvm.dll+0x21b712]
V  [jvm.dll+0x21bc45]
V  [jvm.dll+0x21c631]
V  [jvm.dll+0x211a50]
V  [jvm.dll+0x59c7cc]
V  [jvm.dll+0x7c42a3]
V  [jvm.dll+0x7c4384]
V  [jvm.dll+0x46ca64]
V  [jvm.dll+0x471fc8]
C  [java.dll+0x17ec]

Java frames: (J=compiled Java code, j=interpreted, Vv=VM code)
j  java.lang.ClassLoader.defineClass1(Ljava/lang/ClassLoader;Ljava/lang/String;[BIILjava/security/ProtectionDomain;Ljava/lang/String;)Ljava/lang/Class;+0 java.base@20.0.2
j  java.lang.ClassLoader.defineClass(Ljava/lang/String;[BIILjava/security/ProtectionDomain;)Ljava/lang/Class;+27 java.base@20.0.2
j  java.security.SecureClassLoader.defineClass(Ljava/lang/String;[BIILjava/security/CodeSource;)Ljava/lang/Class;+12 java.base@20.0.2
j  jdk.internal.loader.BuiltinClassLoader.defineClass(Ljava/lang/String;Ljdk/internal/loader/Resource;)Ljava/lang/Class;+117 java.base@20.0.2
j  jdk.internal.loader.BuiltinClassLoader.findClassOnClassPathOrNull(Ljava/lang/String;)Ljava/lang/Class;+37 java.base@20.0.2
j  jdk.internal.loader.BuiltinClassLoader.loadClassOrNull(Ljava/lang/String;Z)Ljava/lang/Class;+111 java.base@20.0.2
j  jdk.internal.loader.BuiltinClassLoader.loadClass(Ljava/lang/String;Z)Ljava/lang/Class;+3 java.base@20.0.2
j  jdk.internal.loader.ClassLoaders$AppClassLoader.loadClass(Ljava/lang/String;Z)Ljava/lang/Class;+36 java.base@20.0.2
j  java.lang.ClassLoader.loadClass(Ljava/lang/String;)Ljava/lang/Class;+3 java.base@20.0.2
v  ~StubRoutines::call_stub 0x000001ff629210e7
j  com.microsoft.gradle.handlers.MavenIndexCompletionHandler.<init>()V+31
j  com.microsoft.gradle.GradleServices.<init>()V+101
j  com.microsoft.gradle.GradleLanguageServer.<init>()V+9
j  com.microsoft.gradle.GradleLanguageServer.main([Ljava/lang/String;)V+4
v  ~StubRoutines::call_stub 0x000001ff629210e7

---------------  P R O C E S S  ---------------

Threads class SMR info:
_java_thread_list=0x000001ff7763f6c0, length=14, elements={
0x000001ff53407bb0, 0x000001ff72c35e90, 0x000001ff72c36a90, 0x000001ff775046b0,
0x000001ff72c3d650, 0x000001ff72c3e080, 0x000001ff775055c0, 0x000001ff77519d30,
0x000001ff7751d930, 0x000001ff7751d3a0, 0x000001ff7751ce10, 0x000001ff77667c20,
0x000001ff7766a030, 0x000001ff7751dec0
}

Java Threads: ( => current thread )
=>0x000001ff53407bb0 JavaThread "main" [_thread_in_vm, id=27368, stack(0x000000b157300000,0x000000b157400000)]
  0x000001ff72c35e90 JavaThread "Reference Handler" daemon [_thread_blocked, id=25216, stack(0x000000b157a00000,0x000000b157b00000)]
  0x000001ff72c36a90 JavaThread "Finalizer" daemon [_thread_blocked, id=17552, stack(0x000000b157b00000,0x000000b157c00000)]
  0x000001ff775046b0 JavaThread "Signal Dispatcher" daemon [_thread_blocked, id=28164, stack(0x000000b157c00000,0x000000b157d00000)]
  0x000001ff72c3d650 JavaThread "Attach Listener" daemon [_thread_blocked, id=33512, stack(0x000000b157d00000,0x000000b157e00000)]
  0x000001ff72c3e080 JavaThread "Service Thread" daemon [_thread_blocked, id=7540, stack(0x000000b157e00000,0x000000b157f00000)]
  0x000001ff775055c0 JavaThread "Monitor Deflation Thread" daemon [_thread_blocked, id=34204, stack(0x000000b157f00000,0x000000b158000000)]
  0x000001ff77519d30 JavaThread "C2 CompilerThread0" daemon [_thread_blocked, id=35392, stack(0x000000b158000000,0x000000b158100000)]
  0x000001ff7751d930 JavaThread "C1 CompilerThread0" daemon [_thread_blocked, id=34428, stack(0x000000b158100000,0x000000b158200000)]
  0x000001ff7751d3a0 JavaThread "C1 CompilerThread1" daemon [_thread_blocked, id=13656, stack(0x000000b158200000,0x000000b158300000)]
  0x000001ff7751ce10 JavaThread "C1 CompilerThread2" daemon [_thread_blocked, id=31032, stack(0x000000b158300000,0x000000b158400000)]
  0x000001ff77667c20 JavaThread "Notification Thread" daemon [_thread_blocked, id=39720, stack(0x000000b158400000,0x000000b158500000)]
  0x000001ff7766a030 JavaThread "Common-Cleaner" daemon [_thread_blocked, id=33208, stack(0x000000b158600000,0x000000b158700000)]
  0x000001ff7751dec0 JavaThread "C1 CompilerThread3" daemon [_thread_blocked, id=34336, stack(0x000000b158700000,0x000000b158800000)]

Other Threads:
  0x000001ff72c14a00 VMThread "VM Thread" [stack: 0x000000b157900000,0x000000b157a00000] [id=15084]
  0x000001ff77668b90 WatcherThread "VM Periodic Task Thread" [stack: 0x000000b158500000,0x000000b158600000] [id=35300]
  0x000001ff53474ab0 WorkerThread "GC Thread#0" [stack: 0x000000b157400000,0x000000b157500000] [id=31380]
  0x000001ff534856b0 ConcurrentGCThread "G1 Main Marker" [stack: 0x000000b157500000,0x000000b157600000] [id=31200]
  0x000001ff534860e0 WorkerThread "G1 Conc#0" [stack: 0x000000b157600000,0x000000b157700000] [id=24148]
  0x000001ff72ad7980 ConcurrentGCThread "G1 Refine#0" [stack: 0x000000b157700000,0x000000b157800000] [id=27808]
  0x000001ff72ad8230 ConcurrentGCThread "G1 Service" [stack: 0x000000b157800000,0x000000b157900000] [id=31476]

Threads with active compile tasks:

VM state: not at safepoint (normal execution)

VM Mutex/Monitor currently owned by a thread:  ([mutex/lock_event])
[0x000001ff534015c0] Metaspace_lock - owner thread: 0x000001ff53407bb0

Heap address: 0x0000000704a00000, size: 4022 MB, Compressed Oops mode: Zero based, Oop shift amount: 3

CDS archive(s) mapped at: [0x000001ff00000000-0x000001ff00c60000-0x000001ff00c60000), size 12976128, SharedBaseAddress: 0x000001ff00000000, ArchiveRelocationMode: 1.
Compressed class space mapped at: 0x000001ff01000000-0x000001ff41000000, reserved size: 1073741824
Narrow klass base: 0x000001ff00000000, Narrow klass shift: 0, Narrow klass range: 0x100000000

GC Precious Log:
 CardTable entry size: 512
 Card Set container configuration: InlinePtr #cards 4 size 8 Array Of Cards #cards 16 size 48 Howl #buckets 8 coarsen threshold 3686 Howl Bitmap #cards 512 size 80 coarsen threshold 460 Card regions per heap region 1 cards per card region 4096
 CPUs: 16 total, 16 available
 Memory: 16085M
 Large Page Support: Disabled
 NUMA Support: Disabled
 Compressed Oops: Enabled (Zero based)
 Heap Region Size: 2M
 Heap Min Capacity: 8M
 Heap Initial Capacity: 252M
 Heap Max Capacity: 4022M
 Pre-touch: Disabled
 Parallel Workers: 13
 Concurrent Workers: 3
 Concurrent Refinement Workers: 13
 Periodic GC: Disabled

Heap:
 garbage-first heap   total 258048K, used 6144K [0x0000000704a00000, 0x0000000800000000)
  region size 2048K, 5 young (10240K), 0 survivors (0K)
 Metaspace       used 2994K, committed 3136K, reserved 1114112K
  class space    used 295K, committed 384K, reserved 1048576K

Heap Regions: E=young(eden), S=young(survivor), O=old, HS=humongous(starts), HC=humongous(continues), CS=collection set, F=free, OA=open archive, CA=closed archive, TAMS=top-at-mark-start, PB=parsable bottom
|   0|0x0000000704a00000, 0x0000000704a00000, 0x0000000704c00000|  0%| F|  |TAMS 0x0000000704a00000| PB 0x0000000704a00000| Untracked 
|   1|0x0000000704c00000, 0x0000000704c00000, 0x0000000704e00000|  0%| F|  |TAMS 0x0000000704c00000| PB 0x0000000704c00000| Untracked 
|   2|0x0000000704e00000, 0x0000000704e00000, 0x0000000705000000|  0%| F|  |TAMS 0x0000000704e00000| PB 0x0000000704e00000| Untracked 
|   3|0x0000000705000000, 0x0000000705000000, 0x0000000705200000|  0%| F|  |TAMS 0x0000000705000000| PB 0x0000000705000000| Untracked 
|   4|0x0000000705200000, 0x0000000705200000, 0x0000000705400000|  0%| F|  |TAMS 0x0000000705200000| PB 0x0000000705200000| Untracked 
|   5|0x0000000705400000, 0x0000000705400000, 0x0000000705600000|  0%| F|  |TAMS 0x0000000705400000| PB 0x0000000705400000| Untracked 
|   6|0x0000000705600000, 0x0000000705600000, 0x0000000705800000|  0%| F|  |TAMS 0x0000000705600000| PB 0x0000000705600000| Untracked 
|   7|0x0000000705800000, 0x0000000705800000, 0x0000000705a00000|  0%| F|  |TAMS 0x0000000705800000| PB 0x0000000705800000| Untracked 
|   8|0x0000000705a00000, 0x0000000705a00000, 0x0000000705c00000|  0%| F|  |TAMS 0x0000000705a00000| PB 0x0000000705a00000| Untracked 
|   9|0x0000000705c00000, 0x0000000705c00000, 0x0000000705e00000|  0%| F|  |TAMS 0x0000000705c00000| PB 0x0000000705c00000| Untracked 
|  10|0x0000000705e00000, 0x0000000705e00000, 0x0000000706000000|  0%| F|  |TAMS 0x0000000705e00000| PB 0x0000000705e00000| Untracked 
|  11|0x0000000706000000, 0x0000000706000000, 0x0000000706200000|  0%| F|  |TAMS 0x0000000706000000| PB 0x0000000706000000| Untracked 
|  12|0x0000000706200000, 0x0000000706200000, 0x0000000706400000|  0%| F|  |TAMS 0x0000000706200000| PB 0x0000000706200000| Untracked 
|  13|0x0000000706400000, 0x0000000706400000, 0x0000000706600000|  0%| F|  |TAMS 0x0000000706400000| PB 0x0000000706400000| Untracked 
|  14|0x0000000706600000, 0x0000000706600000, 0x0000000706800000|  0%| F|  |TAMS 0x0000000706600000| PB 0x0000000706600000| Untracked 
|  15|0x0000000706800000, 0x0000000706800000, 0x0000000706a00000|  0%| F|  |TAMS 0x0000000706800000| PB 0x0000000706800000| Untracked 
|  16|0x0000000706a00000, 0x0000000706a00000, 0x0000000706c00000|  0%| F|  |TAMS 0x0000000706a00000| PB 0x0000000706a00000| Untracked 
|  17|0x0000000706c00000, 0x0000000706c00000, 0x0000000706e00000|  0%| F|  |TAMS 0x0000000706c00000| PB 0x0000000706c00000| Untracked 
|  18|0x0000000706e00000, 0x0000000706e00000, 0x0000000707000000|  0%| F|  |TAMS 0x0000000706e00000| PB 0x0000000706e00000| Untracked 
|  19|0x0000000707000000, 0x0000000707000000, 0x0000000707200000|  0%| F|  |TAMS 0x0000000707000000| PB 0x0000000707000000| Untracked 
|  20|0x0000000707200000, 0x0000000707200000, 0x0000000707400000|  0%| F|  |TAMS 0x0000000707200000| PB 0x0000000707200000| Untracked 
|  21|0x0000000707400000, 0x0000000707400000, 0x0000000707600000|  0%| F|  |TAMS 0x0000000707400000| PB 0x0000000707400000| Untracked 
|  22|0x0000000707600000, 0x0000000707600000, 0x0000000707800000|  0%| F|  |TAMS 0x0000000707600000| PB 0x0000000707600000| Untracked 
|  23|0x0000000707800000, 0x0000000707800000, 0x0000000707a00000|  0%| F|  |TAMS 0x0000000707800000| PB 0x0000000707800000| Untracked 
|  24|0x0000000707a00000, 0x0000000707a00000, 0x0000000707c00000|  0%| F|  |TAMS 0x0000000707a00000| PB 0x0000000707a00000| Untracked 
|  25|0x0000000707c00000, 0x0000000707c00000, 0x0000000707e00000|  0%| F|  |TAMS 0x0000000707c00000| PB 0x0000000707c00000| Untracked 
|  26|0x0000000707e00000, 0x0000000707e00000, 0x0000000708000000|  0%| F|  |TAMS 0x0000000707e00000| PB 0x0000000707e00000| Untracked 
|  27|0x0000000708000000, 0x0000000708000000, 0x0000000708200000|  0%| F|  |TAMS 0x0000000708000000| PB 0x0000000708000000| Untracked 
|  28|0x0000000708200000, 0x0000000708200000, 0x0000000708400000|  0%| F|  |TAMS 0x0000000708200000| PB 0x0000000708200000| Untracked 
|  29|0x0000000708400000, 0x0000000708400000, 0x0000000708600000|  0%| F|  |TAMS 0x0000000708400000| PB 0x0000000708400000| Untracked 
|  30|0x0000000708600000, 0x0000000708600000, 0x0000000708800000|  0%| F|  |TAMS 0x0000000708600000| PB 0x0000000708600000| Untracked 
|  31|0x0000000708800000, 0x0000000708800000, 0x0000000708a00000|  0%| F|  |TAMS 0x0000000708800000| PB 0x0000000708800000| Untracked 
|  32|0x0000000708a00000, 0x0000000708a00000, 0x0000000708c00000|  0%| F|  |TAMS 0x0000000708a00000| PB 0x0000000708a00000| Untracked 
|  33|0x0000000708c00000, 0x0000000708c00000, 0x0000000708e00000|  0%| F|  |TAMS 0x0000000708c00000| PB 0x0000000708c00000| Untracked 
|  34|0x0000000708e00000, 0x0000000708e00000, 0x0000000709000000|  0%| F|  |TAMS 0x0000000708e00000| PB 0x0000000708e00000| Untracked 
|  35|0x0000000709000000, 0x0000000709000000, 0x0000000709200000|  0%| F|  |TAMS 0x0000000709000000| PB 0x0000000709000000| Untracked 
|  36|0x0000000709200000, 0x0000000709200000, 0x0000000709400000|  0%| F|  |TAMS 0x0000000709200000| PB 0x0000000709200000| Untracked 
|  37|0x0000000709400000, 0x0000000709400000, 0x0000000709600000|  0%| F|  |TAMS 0x0000000709400000| PB 0x0000000709400000| Untracked 
|  38|0x0000000709600000, 0x0000000709600000, 0x0000000709800000|  0%| F|  |TAMS 0x0000000709600000| PB 0x0000000709600000| Untracked 
|  39|0x0000000709800000, 0x0000000709800000, 0x0000000709a00000|  0%| F|  |TAMS 0x0000000709800000| PB 0x0000000709800000| Untracked 
|  40|0x0000000709a00000, 0x0000000709a00000, 0x0000000709c00000|  0%| F|  |TAMS 0x0000000709a00000| PB 0x0000000709a00000| Untracked 
|  41|0x0000000709c00000, 0x0000000709c00000, 0x0000000709e00000|  0%| F|  |TAMS 0x0000000709c00000| PB 0x0000000709c00000| Untracked 
|  42|0x0000000709e00000, 0x0000000709e00000, 0x000000070a000000|  0%| F|  |TAMS 0x0000000709e00000| PB 0x0000000709e00000| Untracked 
|  43|0x000000070a000000, 0x000000070a000000, 0x000000070a200000|  0%| F|  |TAMS 0x000000070a000000| PB 0x000000070a000000| Untracked 
|  44|0x000000070a200000, 0x000000070a200000, 0x000000070a400000|  0%| F|  |TAMS 0x000000070a200000| PB 0x000000070a200000| Untracked 
|  45|0x000000070a400000, 0x000000070a400000, 0x000000070a600000|  0%| F|  |TAMS 0x000000070a400000| PB 0x000000070a400000| Untracked 
|  46|0x000000070a600000, 0x000000070a600000, 0x000000070a800000|  0%| F|  |TAMS 0x000000070a600000| PB 0x000000070a600000| Untracked 
|  47|0x000000070a800000, 0x000000070a800000, 0x000000070aa00000|  0%| F|  |TAMS 0x000000070a800000| PB 0x000000070a800000| Untracked 
|  48|0x000000070aa00000, 0x000000070aa00000, 0x000000070ac00000|  0%| F|  |TAMS 0x000000070aa00000| PB 0x000000070aa00000| Untracked 
|  49|0x000000070ac00000, 0x000000070ac00000, 0x000000070ae00000|  0%| F|  |TAMS 0x000000070ac00000| PB 0x000000070ac00000| Untracked 
|  50|0x000000070ae00000, 0x000000070ae00000, 0x000000070b000000|  0%| F|  |TAMS 0x000000070ae00000| PB 0x000000070ae00000| Untracked 
|  51|0x000000070b000000, 0x000000070b000000, 0x000000070b200000|  0%| F|  |TAMS 0x000000070b000000| PB 0x000000070b000000| Untracked 
|  52|0x000000070b200000, 0x000000070b200000, 0x000000070b400000|  0%| F|  |TAMS 0x000000070b200000| PB 0x000000070b200000| Untracked 
|  53|0x000000070b400000, 0x000000070b400000, 0x000000070b600000|  0%| F|  |TAMS 0x000000070b400000| PB 0x000000070b400000| Untracked 
|  54|0x000000070b600000, 0x000000070b600000, 0x000000070b800000|  0%| F|  |TAMS 0x000000070b600000| PB 0x000000070b600000| Untracked 
|  55|0x000000070b800000, 0x000000070b800000, 0x000000070ba00000|  0%| F|  |TAMS 0x000000070b800000| PB 0x000000070b800000| Untracked 
|  56|0x000000070ba00000, 0x000000070ba00000, 0x000000070bc00000|  0%| F|  |TAMS 0x000000070ba00000| PB 0x000000070ba00000| Untracked 
|  57|0x000000070bc00000, 0x000000070bc00000, 0x000000070be00000|  0%| F|  |TAMS 0x000000070bc00000| PB 0x000000070bc00000| Untracked 
|  58|0x000000070be00000, 0x000000070be00000, 0x000000070c000000|  0%| F|  |TAMS 0x000000070be00000| PB 0x000000070be00000| Untracked 
|  59|0x000000070c000000, 0x000000070c000000, 0x000000070c200000|  0%| F|  |TAMS 0x000000070c000000| PB 0x000000070c000000| Untracked 
|  60|0x000000070c200000, 0x000000070c200000, 0x000000070c400000|  0%| F|  |TAMS 0x000000070c200000| PB 0x000000070c200000| Untracked 
|  61|0x000000070c400000, 0x000000070c400000, 0x000000070c600000|  0%| F|  |TAMS 0x000000070c400000| PB 0x000000070c400000| Untracked 
|  62|0x000000070c600000, 0x000000070c600000, 0x000000070c800000|  0%| F|  |TAMS 0x000000070c600000| PB 0x000000070c600000| Untracked 
|  63|0x000000070c800000, 0x000000070c800000, 0x000000070ca00000|  0%| F|  |TAMS 0x000000070c800000| PB 0x000000070c800000| Untracked 
|  64|0x000000070ca00000, 0x000000070ca00000, 0x000000070cc00000|  0%| F|  |TAMS 0x000000070ca00000| PB 0x000000070ca00000| Untracked 
|  65|0x000000070cc00000, 0x000000070cc00000, 0x000000070ce00000|  0%| F|  |TAMS 0x000000070cc00000| PB 0x000000070cc00000| Untracked 
|  66|0x000000070ce00000, 0x000000070ce00000, 0x000000070d000000|  0%| F|  |TAMS 0x000000070ce00000| PB 0x000000070ce00000| Untracked 
|  67|0x000000070d000000, 0x000000070d000000, 0x000000070d200000|  0%| F|  |TAMS 0x000000070d000000| PB 0x000000070d000000| Untracked 
|  68|0x000000070d200000, 0x000000070d200000, 0x000000070d400000|  0%| F|  |TAMS 0x000000070d200000| PB 0x000000070d200000| Untracked 
|  69|0x000000070d400000, 0x000000070d400000, 0x000000070d600000|  0%| F|  |TAMS 0x000000070d400000| PB 0x000000070d400000| Untracked 
|  70|0x000000070d600000, 0x000000070d600000, 0x000000070d800000|  0%| F|  |TAMS 0x000000070d600000| PB 0x000000070d600000| Untracked 
|  71|0x000000070d800000, 0x000000070d800000, 0x000000070da00000|  0%| F|  |TAMS 0x000000070d800000| PB 0x000000070d800000| Untracked 
|  72|0x000000070da00000, 0x000000070da00000, 0x000000070dc00000|  0%| F|  |TAMS 0x000000070da00000| PB 0x000000070da00000| Untracked 
|  73|0x000000070dc00000, 0x000000070dc00000, 0x000000070de00000|  0%| F|  |TAMS 0x000000070dc00000| PB 0x000000070dc00000| Untracked 
|  74|0x000000070de00000, 0x000000070de00000, 0x000000070e000000|  0%| F|  |TAMS 0x000000070de00000| PB 0x000000070de00000| Untracked 
|  75|0x000000070e000000, 0x000000070e000000, 0x000000070e200000|  0%| F|  |TAMS 0x000000070e000000| PB 0x000000070e000000| Untracked 
|  76|0x000000070e200000, 0x000000070e200000, 0x000000070e400000|  0%| F|  |TAMS 0x000000070e200000| PB 0x000000070e200000| Untracked 
|  77|0x000000070e400000, 0x000000070e400000, 0x000000070e600000|  0%| F|  |TAMS 0x000000070e400000| PB 0x000000070e400000| Untracked 
|  78|0x000000070e600000, 0x000000070e600000, 0x000000070e800000|  0%| F|  |TAMS 0x000000070e600000| PB 0x000000070e600000| Untracked 
|  79|0x000000070e800000, 0x000000070e800000, 0x000000070ea00000|  0%| F|  |TAMS 0x000000070e800000| PB 0x000000070e800000| Untracked 
|  80|0x000000070ea00000, 0x000000070ea00000, 0x000000070ec00000|  0%| F|  |TAMS 0x000000070ea00000| PB 0x000000070ea00000| Untracked 
|  81|0x000000070ec00000, 0x000000070ec00000, 0x000000070ee00000|  0%| F|  |TAMS 0x000000070ec00000| PB 0x000000070ec00000| Untracked 
|  82|0x000000070ee00000, 0x000000070ee00000, 0x000000070f000000|  0%| F|  |TAMS 0x000000070ee00000| PB 0x000000070ee00000| Untracked 
|  83|0x000000070f000000, 0x000000070f000000, 0x000000070f200000|  0%| F|  |TAMS 0x000000070f000000| PB 0x000000070f000000| Untracked 
|  84|0x000000070f200000, 0x000000070f200000, 0x000000070f400000|  0%| F|  |TAMS 0x000000070f200000| PB 0x000000070f200000| Untracked 
|  85|0x000000070f400000, 0x000000070f400000, 0x000000070f600000|  0%| F|  |TAMS 0x000000070f400000| PB 0x000000070f400000| Untracked 
|  86|0x000000070f600000, 0x000000070f600000, 0x000000070f800000|  0%| F|  |TAMS 0x000000070f600000| PB 0x000000070f600000| Untracked 
|  87|0x000000070f800000, 0x000000070f800000, 0x000000070fa00000|  0%| F|  |TAMS 0x000000070f800000| PB 0x000000070f800000| Untracked 
|  88|0x000000070fa00000, 0x000000070fa00000, 0x000000070fc00000|  0%| F|  |TAMS 0x000000070fa00000| PB 0x000000070fa00000| Untracked 
|  89|0x000000070fc00000, 0x000000070fc00000, 0x000000070fe00000|  0%| F|  |TAMS 0x000000070fc00000| PB 0x000000070fc00000| Untracked 
|  90|0x000000070fe00000, 0x000000070fe00000, 0x0000000710000000|  0%| F|  |TAMS 0x000000070fe00000| PB 0x000000070fe00000| Untracked 
|  91|0x0000000710000000, 0x0000000710000000, 0x0000000710200000|  0%| F|  |TAMS 0x0000000710000000| PB 0x0000000710000000| Untracked 
|  92|0x0000000710200000, 0x0000000710200000, 0x0000000710400000|  0%| F|  |TAMS 0x0000000710200000| PB 0x0000000710200000| Untracked 
|  93|0x0000000710400000, 0x0000000710400000, 0x0000000710600000|  0%| F|  |TAMS 0x0000000710400000| PB 0x0000000710400000| Untracked 
|  94|0x0000000710600000, 0x0000000710600000, 0x0000000710800000|  0%| F|  |TAMS 0x0000000710600000| PB 0x0000000710600000| Untracked 
|  95|0x0000000710800000, 0x0000000710800000, 0x0000000710a00000|  0%| F|  |TAMS 0x0000000710800000| PB 0x0000000710800000| Untracked 
|  96|0x0000000710a00000, 0x0000000710a00000, 0x0000000710c00000|  0%| F|  |TAMS 0x0000000710a00000| PB 0x0000000710a00000| Untracked 
|  97|0x0000000710c00000, 0x0000000710c00000, 0x0000000710e00000|  0%| F|  |TAMS 0x0000000710c00000| PB 0x0000000710c00000| Untracked 
|  98|0x0000000710e00000, 0x0000000710e00000, 0x0000000711000000|  0%| F|  |TAMS 0x0000000710e00000| PB 0x0000000710e00000| Untracked 
|  99|0x0000000711000000, 0x0000000711000000, 0x0000000711200000|  0%| F|  |TAMS 0x0000000711000000| PB 0x0000000711000000| Untracked 
| 100|0x0000000711200000, 0x0000000711200000, 0x0000000711400000|  0%| F|  |TAMS 0x0000000711200000| PB 0x0000000711200000| Untracked 
| 101|0x0000000711400000, 0x0000000711400000, 0x0000000711600000|  0%| F|  |TAMS 0x0000000711400000| PB 0x0000000711400000| Untracked 
| 102|0x0000000711600000, 0x0000000711600000, 0x0000000711800000|  0%| F|  |TAMS 0x0000000711600000| PB 0x0000000711600000| Untracked 
| 103|0x0000000711800000, 0x0000000711800000, 0x0000000711a00000|  0%| F|  |TAMS 0x0000000711800000| PB 0x0000000711800000| Untracked 
| 104|0x0000000711a00000, 0x0000000711a00000, 0x0000000711c00000|  0%| F|  |TAMS 0x0000000711a00000| PB 0x0000000711a00000| Untracked 
| 105|0x0000000711c00000, 0x0000000711c00000, 0x0000000711e00000|  0%| F|  |TAMS 0x0000000711c00000| PB 0x0000000711c00000| Untracked 
| 106|0x0000000711e00000, 0x0000000711e00000, 0x0000000712000000|  0%| F|  |TAMS 0x0000000711e00000| PB 0x0000000711e00000| Untracked 
| 107|0x0000000712000000, 0x0000000712000000, 0x0000000712200000|  0%| F|  |TAMS 0x0000000712000000| PB 0x0000000712000000| Untracked 
| 108|0x0000000712200000, 0x0000000712200000, 0x0000000712400000|  0%| F|  |TAMS 0x0000000712200000| PB 0x0000000712200000| Untracked 
| 109|0x0000000712400000, 0x0000000712400000, 0x0000000712600000|  0%| F|  |TAMS 0x0000000712400000| PB 0x0000000712400000| Untracked 
| 110|0x0000000712600000, 0x0000000712600000, 0x0000000712800000|  0%| F|  |TAMS 0x0000000712600000| PB 0x0000000712600000| Untracked 
| 111|0x0000000712800000, 0x0000000712800000, 0x0000000712a00000|  0%| F|  |TAMS 0x0000000712800000| PB 0x0000000712800000| Untracked 
| 112|0x0000000712a00000, 0x0000000712a00000, 0x0000000712c00000|  0%| F|  |TAMS 0x0000000712a00000| PB 0x0000000712a00000| Untracked 
| 113|0x0000000712c00000, 0x0000000712c00000, 0x0000000712e00000|  0%| F|  |TAMS 0x0000000712c00000| PB 0x0000000712c00000| Untracked 
| 114|0x0000000712e00000, 0x0000000712e00000, 0x0000000713000000|  0%| F|  |TAMS 0x0000000712e00000| PB 0x0000000712e00000| Untracked 
| 115|0x0000000713000000, 0x0000000713000000, 0x0000000713200000|  0%| F|  |TAMS 0x0000000713000000| PB 0x0000000713000000| Untracked 
| 116|0x0000000713200000, 0x0000000713200000, 0x0000000713400000|  0%| F|  |TAMS 0x0000000713200000| PB 0x0000000713200000| Untracked 
| 117|0x0000000713400000, 0x0000000713400000, 0x0000000713600000|  0%| F|  |TAMS 0x0000000713400000| PB 0x0000000713400000| Untracked 
| 118|0x0000000713600000, 0x0000000713600000, 0x0000000713800000|  0%| F|  |TAMS 0x0000000713600000| PB 0x0000000713600000| Untracked 
| 119|0x0000000713800000, 0x0000000713800000, 0x0000000713a00000|  0%| F|  |TAMS 0x0000000713800000| PB 0x0000000713800000| Untracked 
| 120|0x0000000713a00000, 0x0000000713a00000, 0x0000000713c00000|  0%| F|  |TAMS 0x0000000713a00000| PB 0x0000000713a00000| Untracked 
| 121|0x0000000713c00000, 0x0000000713de9270, 0x0000000713e00000| 95%| E|  |TAMS 0x0000000713c00000| PB 0x0000000713c00000| Complete 
| 122|0x0000000713e00000, 0x0000000714000000, 0x0000000714000000|100%| E|  |TAMS 0x0000000713e00000| PB 0x0000000713e00000| Complete 
| 123|0x0000000714000000, 0x0000000714200000, 0x0000000714200000|100%| E|CS|TAMS 0x0000000714000000| PB 0x0000000714000000| Complete 
| 124|0x0000000714200000, 0x0000000714400000, 0x0000000714400000|100%| E|CS|TAMS 0x0000000714200000| PB 0x0000000714200000| Complete 
| 125|0x0000000714400000, 0x0000000714600000, 0x0000000714600000|100%| E|CS|TAMS 0x0000000714400000| PB 0x0000000714400000| Complete 

Card table byte_map: [0x000001ff6b530000,0x000001ff6bd10000] _byte_map_base: 0x000001ff67d0b000

Marking Bits: (CMBitMap*) 0x000001ff534750e0
 Bits: [0x000001ff6c4f0000, 0x000001ff703c8000)

Polling page: 0x000001ff513a0000

Metaspace:

Usage:
  Non-class:      2.63 MB used.
      Class:    295.88 KB used.
       Both:      2.92 MB used.

Virtual space:
  Non-class space:       64.00 MB reserved,       2.69 MB (  4%) committed,  1 nodes.
      Class space:        1.00 GB reserved,     384.00 KB ( <1%) committed,  1 nodes.
             Both:        1.06 GB reserved,       3.06 MB ( <1%) committed. 

Chunk freelists:
   Non-Class:  3.55 MB
       Class:  3.67 MB
        Both:  7.22 MB

MaxMetaspaceSize: unlimited
CompressedClassSpaceSize: 1.00 GB
Initial GC threshold: 21.00 MB
Current GC threshold: 21.00 MB
CDS: on
MetaspaceReclaimPolicy: balanced
 - commit_granule_bytes: 65536.
 - commit_granule_words: 8192.
 - virtual_space_node_default_size: 8388608.
 - enlarge_chunks_in_place: 1.
 - new_chunks_are_fully_committed: 0.
 - uncommit_free_chunks: 1.
 - use_allocation_guard: 0.


Internal statistics:

num_allocs_failed_limit: 0.
num_arena_births: 16.
num_arena_deaths: 0.
num_vsnodes_births: 2.
num_vsnodes_deaths: 0.
num_space_committed: 49.
num_space_uncommitted: 0.
num_chunks_returned_to_freelist: 0.
num_chunks_taken_from_freelist: 36.
num_chunk_merges: 0.
num_chunk_splits: 30.
num_chunks_enlarged: 28.
num_inconsistent_stats: 0.

CodeHeap 'non-profiled nmethods': size=119168Kb used=132Kb max_used=132Kb free=119035Kb
 bounds [0x000001ff63070000, 0x000001ff632e0000, 0x000001ff6a4d0000]
CodeHeap 'profiled nmethods': size=119104Kb used=794Kb max_used=794Kb free=118309Kb
 bounds [0x000001ff5b4d0000, 0x000001ff5b740000, 0x000001ff62920000]
CodeHeap 'non-nmethods': size=7488Kb used=3172Kb max_used=3187Kb free=4316Kb
 bounds [0x000001ff62920000, 0x000001ff62c40000, 0x000001ff63070000]
 total_blobs=919 nmethods=485 adapters=342
 compilation: enabled
              stopped_count=0, restarted_count=0
 full_count=0

Compilation events (20 events):
Event: 0.554 Thread 0x000001ff7751d930  474       3       java.nio.Buffer::session (20 bytes)
Event: 0.554 Thread 0x000001ff7751d3a0  475       3       java.nio.Buffer::checkIndex (9 bytes)
Event: 0.554 Thread 0x000001ff7751dec0  476   !   3       java.nio.DirectByteBuffer::get (34 bytes)
Event: 0.554 Thread 0x000001ff7751ce10  477       3       java.nio.DirectByteBuffer::ix (10 bytes)
Event: 0.554 Thread 0x000001ff7751d930 nmethod 474 0x000001ff5b592c90 code [0x000001ff5b592e40, 0x000001ff5b593120]
Event: 0.554 Thread 0x000001ff7751d930  478   !   3       jdk.internal.misc.ScopedMemoryAccess::getByte (16 bytes)
Event: 0.555 Thread 0x000001ff7751d3a0 nmethod 475 0x000001ff5b593210 code [0x000001ff5b5933a0, 0x000001ff5b593560]
Event: 0.555 Thread 0x000001ff7751d3a0  479   !   3       jdk.internal.misc.ScopedMemoryAccess::getByteInternal (34 bytes)
Event: 0.555 Thread 0x000001ff7751ce10 nmethod 477 0x000001ff5b593690 code [0x000001ff5b593820, 0x000001ff5b593938]
Event: 0.555 Thread 0x000001ff77519d30  481       4       java.lang.ref.Reference::reachabilityFence (1 bytes)
Event: 0.555 Thread 0x000001ff7751d3a0 nmethod 479 0x000001ff5b593a10 code [0x000001ff5b593bc0, 0x000001ff5b593e28]
Event: 0.555 Thread 0x000001ff7751d930 nmethod 478 0x000001ff5b593f90 code [0x000001ff5b594160, 0x000001ff5b594548]
Event: 0.555 Thread 0x000001ff77519d30 nmethod 481 0x000001ff63090390 code [0x000001ff63090500, 0x000001ff63090568]
Event: 0.555 Thread 0x000001ff7751d3a0  482       1       java.nio.Buffer::limit (5 bytes)
Event: 0.555 Thread 0x000001ff7751dec0 nmethod 476 0x000001ff5b594790 code [0x000001ff5b5949e0, 0x000001ff5b595378]
Event: 0.555 Thread 0x000001ff7751ce10  483       3       jdk.internal.jimage.ImageStringsReader::unmaskedHashCode (166 bytes)
Event: 0.555 Thread 0x000001ff7751d3a0 nmethod 482 0x000001ff63090690 code [0x000001ff63090800, 0x000001ff630908c8]
Event: 0.556 Thread 0x000001ff7751ce10 nmethod 483 0x000001ff5b595810 code [0x000001ff5b595a40, 0x000001ff5b5965b8]
Event: 0.558 Thread 0x000001ff7751ce10  484       1       java.net.URL::getHost (5 bytes)
Event: 0.558 Thread 0x000001ff7751ce10 nmethod 484 0x000001ff63090990 code [0x000001ff63090b00, 0x000001ff63090bd0]

GC Heap History (0 events):
No events

Dll operation events (6 events):
Event: 0.009 Loaded shared library C:\Program Files\Java\jdk-20\bin\java.dll
Event: 0.058 Loaded shared library C:\Program Files\Java\jdk-20\bin\jsvml.dll
Event: 0.132 Loaded shared library C:\Program Files\Java\jdk-20\bin\net.dll
Event: 0.135 Loaded shared library C:\Program Files\Java\jdk-20\bin\nio.dll
Event: 0.141 Loaded shared library C:\Program Files\Java\jdk-20\bin\zip.dll
Event: 0.466 Loaded shared library C:\Program Files\Java\jdk-20\bin\jimage.dll

Deoptimization events (6 events):
Event: 0.445 Thread 0x000001ff53407bb0 DEOPT PACKING pc=0x000001ff5b4ff590 sp=0x000000b1573fc560
Event: 0.445 Thread 0x000001ff53407bb0 DEOPT UNPACKING pc=0x000001ff6298e462 sp=0x000000b1573fb9e0 mode 0
Event: 0.528 Thread 0x000001ff53407bb0 DEOPT PACKING pc=0x000001ff5b544a1d sp=0x000000b1573fadc0
Event: 0.528 Thread 0x000001ff53407bb0 DEOPT UNPACKING pc=0x000001ff6298e462 sp=0x000000b1573fa258 mode 0
Event: 0.544 Thread 0x000001ff53407bb0 DEOPT PACKING pc=0x000001ff5b4e7757 sp=0x000000b1573fe6c0
Event: 0.544 Thread 0x000001ff53407bb0 DEOPT UNPACKING pc=0x000001ff6298e462 sp=0x000000b1573fdae0 mode 0

Classes loaded (20 events):
Event: 0.556 Loading class java/net/URLConnection
Event: 0.556 Loading class java/net/URLConnection done
Event: 0.556 Loading class java/net/JarURLConnection done
Event: 0.556 Loading class sun/net/www/protocol/jar/JarURLConnection done
Event: 0.556 Loading class sun/net/www/protocol/jar/JarFileFactory
Event: 0.556 Loading class sun/net/www/protocol/jar/URLJarFile$URLJarFileCloseController
Event: 0.556 Loading class sun/net/www/protocol/jar/URLJarFile$URLJarFileCloseController done
Event: 0.556 Loading class sun/net/www/protocol/jar/JarFileFactory done
Event: 0.557 Loading class sun/net/www/protocol/file/FileURLConnection
Event: 0.557 Loading class sun/net/www/URLConnection
Event: 0.557 Loading class sun/net/www/URLConnection done
Event: 0.557 Loading class sun/net/www/protocol/file/FileURLConnection done
Event: 0.557 Loading class sun/net/www/MessageHeader
Event: 0.557 Loading class sun/net/www/MessageHeader done
Event: 0.557 Loading class sun/net/www/protocol/jar/URLJarFile
Event: 0.558 Loading class sun/net/www/protocol/jar/URLJarFile done
Event: 0.558 Loading class sun/net/www/protocol/jar/URLJarFile$URLJarFileEntry
Event: 0.558 Loading class sun/net/www/protocol/jar/URLJarFile$URLJarFileEntry done
Event: 0.558 Loading class sun/net/www/protocol/jar/JarURLConnection$JarURLInputStream
Event: 0.558 Loading class sun/net/www/protocol/jar/JarURLConnection$JarURLInputStream done

Classes unloaded (0 events):
No events

Classes redefined (0 events):
No events

Internal exceptions (1 events):
Event: 0.348 Thread 0x000001ff53407bb0 Exception <a 'java/lang/NoSuchMethodError'{0x00000007140a8918}: 'void java.lang.invoke.DirectMethodHandle$Holder.invokeVirtual(java.lang.Object, java.lang.Object)'> (0x00000007140a8918) 
thrown [s\open\src\hotspot\share\interpreter\linkResolver.cpp, line 773]

VM Operations (6 events):
Event: 0.142 Executing VM operation: HandshakeAllThreads
Event: 0.142 Executing VM operation: HandshakeAllThreads done
Event: 0.297 Executing VM operation: HandshakeAllThreads
Event: 0.297 Executing VM operation: HandshakeAllThreads done
Event: 0.558 Executing VM operation: HandshakeAllThreads
Event: 0.558 Executing VM operation: HandshakeAllThreads done

Events (14 events):
Event: 0.058 Thread 0x000001ff53407bb0 Thread added: 0x000001ff53407bb0
Event: 0.066 Thread 0x000001ff72c35e90 Thread added: 0x000001ff72c35e90
Event: 0.066 Thread 0x000001ff72c36a90 Thread added: 0x000001ff72c36a90
Event: 0.066 Thread 0x000001ff775046b0 Thread added: 0x000001ff775046b0
Event: 0.066 Thread 0x000001ff72c3d650 Thread added: 0x000001ff72c3d650
Event: 0.066 Thread 0x000001ff72c3e080 Thread added: 0x000001ff72c3e080
Event: 0.066 Thread 0x000001ff775055c0 Thread added: 0x000001ff775055c0
Event: 0.066 Thread 0x000001ff77519d30 Thread added: 0x000001ff77519d30
Event: 0.066 Thread 0x000001ff7751d930 Thread added: 0x000001ff7751d930
Event: 0.088 Thread 0x000001ff7751d3a0 Thread added: 0x000001ff7751d3a0
Event: 0.088 Thread 0x000001ff7751ce10 Thread added: 0x000001ff7751ce10
Event: 0.090 Thread 0x000001ff77667c20 Thread added: 0x000001ff77667c20
Event: 0.091 Thread 0x000001ff7766a030 Thread added: 0x000001ff7766a030
Event: 0.163 Thread 0x000001ff7751dec0 Thread added: 0x000001ff7751dec0


Dynamic libraries:
0x00007ff64a150000 - 0x00007ff64a160000 	C:\Program Files\Java\jdk-20\bin\java.exe
0x00007ffd45770000 - 0x00007ffd45984000 	C:\WINDOWS\SYSTEM32\ntdll.dll
0x00007ffd439e0000 - 0x00007ffd43aa4000 	C:\WINDOWS\System32\KERNEL32.DLL
0x00007ffd42d00000 - 0x00007ffd430a4000 	C:\WINDOWS\System32\KERNELBASE.dll
0x00007ffd42b20000 - 0x00007ffd42c31000 	C:\WINDOWS\System32\ucrtbase.dll
0x00007ffceb4d0000 - 0x00007ffceb4eb000 	C:\Program Files\Java\jdk-20\bin\VCRUNTIME140.dll
0x00007ffceb2b0000 - 0x00007ffceb2c9000 	C:\Program Files\Java\jdk-20\bin\jli.dll
0x00007ffd43500000 - 0x00007ffd435b0000 	C:\WINDOWS\System32\ADVAPI32.dll
0x00007ffd45620000 - 0x00007ffd456c7000 	C:\WINDOWS\System32\msvcrt.dll
0x00007ffd43fd0000 - 0x00007ffd44076000 	C:\WINDOWS\System32\sechost.dll
0x00007ffd44580000 - 0x00007ffd44697000 	C:\WINDOWS\System32\RPCRT4.dll
0x00007ffd45470000 - 0x00007ffd4561e000 	C:\WINDOWS\System32\USER32.dll
0x00007ffd30500000 - 0x00007ffd30793000 	C:\WINDOWS\WinSxS\amd64_microsoft.windows.common-controls_6595b64144ccf1df_6.0.22621.2215_none_270d72677387dfc3\COMCTL32.dll
0x00007ffd434d0000 - 0x00007ffd434f6000 	C:\WINDOWS\System32\win32u.dll
0x00007ffd438a0000 - 0x00007ffd438c9000 	C:\WINDOWS\System32\GDI32.dll
0x00007ffd43150000 - 0x00007ffd43268000 	C:\WINDOWS\System32\gdi32full.dll
0x00007ffd430b0000 - 0x00007ffd4314a000 	C:\WINDOWS\System32\msvcp_win.dll
0x00007ffd39680000 - 0x00007ffd3968a000 	C:\WINDOWS\SYSTEM32\VERSION.dll
0x00007ffd444c0000 - 0x00007ffd444f1000 	C:\WINDOWS\System32\IMM32.DLL
0x00007ffd01ff0000 - 0x00007ffd01ffc000 	C:\Program Files\Java\jdk-20\bin\vcruntime140_1.dll
0x00007ffca0610000 - 0x00007ffca069e000 	C:\Program Files\Java\jdk-20\bin\msvcp140.dll
0x00007ffc6e930000 - 0x00007ffc6f5c8000 	C:\Program Files\Java\jdk-20\bin\server\jvm.dll
0x00007ffd34210000 - 0x00007ffd34244000 	C:\WINDOWS\SYSTEM32\WINMM.dll
0x00007ffd01fb0000 - 0x00007ffd01fb9000 	C:\WINDOWS\SYSTEM32\WSOCK32.dll
0x00007ffd44500000 - 0x00007ffd44571000 	C:\WINDOWS\System32\WS2_32.dll
0x00007ffd41b80000 - 0x00007ffd41b98000 	C:\WINDOWS\SYSTEM32\kernel.appcore.dll
0x00007ffd01dd0000 - 0x00007ffd01dda000 	C:\Program Files\Java\jdk-20\bin\jimage.dll
0x00007ffd401b0000 - 0x00007ffd403de000 	C:\WINDOWS\SYSTEM32\DBGHELP.DLL
0x00007ffd43bb0000 - 0x00007ffd43f3a000 	C:\WINDOWS\System32\combase.dll
0x00007ffd43750000 - 0x00007ffd43827000 	C:\WINDOWS\System32\OLEAUT32.dll
0x00007ffd34100000 - 0x00007ffd34132000 	C:\WINDOWS\SYSTEM32\dbgcore.DLL
0x00007ffd43450000 - 0x00007ffd434ca000 	C:\WINDOWS\System32\bcryptPrimitives.dll
0x00007ffcd0430000 - 0x00007ffcd0456000 	C:\Program Files\Java\jdk-20\bin\java.dll
0x00007ffc6e850000 - 0x00007ffc6e927000 	C:\Program Files\Java\jdk-20\bin\jsvml.dll
0x00007ffd446a0000 - 0x00007ffd44ec3000 	C:\WINDOWS\System32\SHELL32.dll
0x00007ffd40a30000 - 0x00007ffd4131a000 	C:\WINDOWS\SYSTEM32\windows.storage.dll
0x00007ffd408f0000 - 0x00007ffd40a2e000 	C:\WINDOWS\SYSTEM32\wintypes.dll
0x00007ffd43ab0000 - 0x00007ffd43ba3000 	C:\WINDOWS\System32\SHCORE.dll
0x00007ffd43830000 - 0x00007ffd4388e000 	C:\WINDOWS\System32\shlwapi.dll
0x00007ffd42a50000 - 0x00007ffd42a76000 	C:\WINDOWS\SYSTEM32\profapi.dll
0x00007ffce81f0000 - 0x00007ffce8203000 	C:\Program Files\Java\jdk-20\bin\net.dll
0x00007ffd39450000 - 0x00007ffd39587000 	C:\WINDOWS\SYSTEM32\WINHTTP.dll
0x00007ffd42090000 - 0x00007ffd420f9000 	C:\WINDOWS\system32\mswsock.dll
0x00007ffce6b10000 - 0x00007ffce6b26000 	C:\Program Files\Java\jdk-20\bin\nio.dll
0x00007ffce5940000 - 0x00007ffce5958000 	C:\Program Files\Java\jdk-20\bin\zip.dll

dbghelp: loaded successfully - version: 4.0.5 - missing functions: none
symbol engine: initialized successfully - sym options: 0x614 - pdb path: .;C:\Program Files\Java\jdk-20\bin;C:\WINDOWS\SYSTEM32;C:\WINDOWS\WinSxS\amd64_microsoft.windows.common-controls_6595b64144ccf1df_6.0.22621.2215_none_270d72677387dfc3;C:\Program Files\Java\jdk-20\bin\server

VM Arguments:
jvm_args: -Dfile.encoding=utf8 
java_command: c:\Users\rawr51919\.vscode\extensions\vscjava.vscode-gradle-3.12.7\lib\gradle-language-server.jar
java_class_path (initial): c:\Users\rawr51919\.vscode\extensions\vscjava.vscode-gradle-3.12.7\lib\gradle-language-server.jar
Launcher Type: SUN_STANDARD

[Global flags]
     intx CICompilerCount                          = 12                                        {product} {ergonomic}
     uint ConcGCThreads                            = 3                                         {product} {ergonomic}
     uint G1ConcRefinementThreads                  = 13                                        {product} {ergonomic}
   size_t G1HeapRegionSize                         = 2097152                                   {product} {ergonomic}
    uintx GCDrainStackTargetSize                   = 64                                        {product} {ergonomic}
   size_t InitialHeapSize                          = 264241152                                 {product} {ergonomic}
   size_t MarkStackSize                            = 4194304                                   {product} {ergonomic}
   size_t MaxHeapSize                              = 4217372672                                {product} {ergonomic}
   size_t MaxNewSize                               = 2529165312                                {product} {ergonomic}
   size_t MinHeapDeltaBytes                        = 2097152                                   {product} {ergonomic}
   size_t MinHeapSize                              = 8388608                                   {product} {ergonomic}
    uintx NonNMethodCodeHeapSize                   = 7602480                                {pd product} {ergonomic}
    uintx NonProfiledCodeHeapSize                  = 122027880                              {pd product} {ergonomic}
    uintx ProfiledCodeHeapSize                     = 122027880                              {pd product} {ergonomic}
    uintx ReservedCodeCacheSize                    = 251658240                              {pd product} {ergonomic}
     bool SegmentedCodeCache                       = true                                      {product} {ergonomic}
   size_t SoftMaxHeapSize                          = 4217372672                             {manageable} {ergonomic}
     bool UseCompressedClassPointers               = true                           {product lp64_product} {ergonomic}
     bool UseCompressedOops                        = true                           {product lp64_product} {ergonomic}
     bool UseG1GC                                  = true                                      {product} {ergonomic}
     bool UseLargePagesIndividualAllocation        = false                                  {pd product} {ergonomic}

Logging:
Log output configuration:
 #0: stdout all=warning uptime,level,tags foldmultilines=false
 #1: stderr all=off uptime,level,tags foldmultilines=false

Environment Variables:
PATH=C:\Users\rawr51919\AppData\Local\cloud-code\installer\google-cloud-sdk\bin;C:\Program Files\Python311\;C:\Program Files\Python311\Scripts\;C:\Python27\;C:\Python27\Scripts;C:\Python161\;C:\Python161\Scripts;C:\Program Files\PHP\ts;C:\Program Files\PHP\nts;C:\Program Files\Common Files\Oracle\Java\javapath;C:\Program Files\Microsoft MPI\Bin\;C:\Program Files (x86)\VMware\VMware Workstation\bin\;c:\devkitPro\msys2\usr\bin;C:\Program Files (x86)\Common Files\Intel\Shared Libraries\redist\intel64\compiler;C:\Windows\system32;C:\Windows;C:\Windows\System32\Wbem;C:\Windows\System32\WindowsPowerShell\v1.0\;C:\Windows\System32\OpenSSH\;C:\Program Files (x86)\NVIDIA Corporation\PhysX\Common;C:\Program Files\NVIDIA Corporation\NVIDIA NvDLISR;C:\WINDOWS\system32;C:\WINDOWS;C:\WINDOWS\System32\Wbem;C:\WINDOWS\System32\WindowsPowerShell\v1.0\;C:\WINDOWS\System32\OpenSSH\;C:\ProgramData\chocolatey\bin;C:\Program Files\dotnet\;C:\Program Files\Oracle\VirtualBox;C:\Program Files\TortoiseSVN\bin;C:\composer;C:\Program Files\PowerShell\7\;C:\Program Files\Microsoft VS Code\bin;C:\Program Files\VSCodium\bin;C:\Program Files\LLVM\bin;C:\Program Files\Git\cmd;C:\Program Files\nodejs\;C:\Program Files\Go\bin;C:\Program Files\Docker\Docker\resources\bin;C:\Users\rawr51919\AppData\Local\Microsoft\WindowsApps;C:\Users\rawr51919\.dotnet\tools;C:\Program Files (x86)\Steam\steamapps\common\team fortress 2\tf\..\bin;C:\Users\rawr51919\AppData\Local\Programs\Julia-1.9.3\bin;C:\Users\rawr51919\AppData\Roaming\npm;C:\Users\rawr51919\go\bin;C:\Users\rawr51919\AppData\Local\Google\Cloud SDK\google-cloud-sdk\bin;C:\Program Files (x86)\Google\Cloud SDK\google-cloud-sdk\bin;C:\Program Files\Google\Cloud SDK\google-cloud-sdk\bin
USERNAME=rawr51919
OS=Windows_NT
PROCESSOR_IDENTIFIER=Intel64 Family 6 Model 141 Stepping 1, GenuineIntel
TMP=C:\Users\RAWR51~1\AppData\Local\Temp
TEMP=C:\Users\RAWR51~1\AppData\Local\Temp




---------------  S Y S T E M  ---------------

OS:
 Windows 11 , 64 bit Build 22621 (10.0.22621.2215)
OS uptime: 0 days 2:47 hours
Hyper-V role detected

CPU: total 16 (initial active 16) (8 cores per cpu, 2 threads per core) family 6 model 141 stepping 1 microcode 0x34, cx8, cmov, fxsr, ht, mmx, 3dnowpref, sse, sse2, sse3, ssse3, sse4.1, sse4.2, popcnt, lzcnt, tsc, tscinvbit, avx, avx2, aes, erms, clmul, bmi1, bmi2, adx, avx512f, avx512dq, avx512cd, avx512bw, avx512vl, sha, fma, vzeroupper, avx512_vpopcntdq, avx512_vpclmulqdq, avx512_vaes, avx512_vnni, clflush, clflushopt, clwb, avx512_vbmi2, avx512_vbmi, hv, rdtscp, rdpid, fsrm, gfni, avx512_bitalg, f16c, cet_ibt, cet_ss, avx512_ifma

Memory: 4k page, system-wide physical 16085M (390M free)
TotalPageFile size 46184M (AvailPageFile size 7M)
current process WorkingSet (physical memory assigned to process): 50M, peak: 50M
current process commit charge ("private bytes"): 353M, peak: 353M

vm_info: Java HotSpot(TM) 64-Bit Server VM (20.0.2+9-78) for windows-amd64 JRE (20.0.2+9-78), built on 2023-06-14T10:08:48Z by "mach5one" with MS VC++ 17.1 (VS2022)

END.
